[Sat Jan 08 18:05:59.851778 2022] [ssl:warn] [pid 3188:tid 632] AH01909: www.example.com:443:0 server certificate does NOT include an ID which matches the server name
[Sat Jan 08 18:05:59.914257 2022] [ssl:warn] [pid 3188:tid 632] AH01909: www.example.com:443:0 server certificate does NOT include an ID which matches the server name
[Sat Jan 08 18:05:59.976755 2022] [mpm_winnt:notice] [pid 3188:tid 632] AH00455: Apache/2.4.52 (Win64) OpenSSL/1.1.1m PHP/8.0.14 configured -- resuming normal operations
[Sat Jan 08 18:05:59.976755 2022] [mpm_winnt:notice] [pid 3188:tid 632] AH00456: Apache Lounge VS16 Server built: Dec 17 2021 10:17:38
[Sat Jan 08 18:05:59.976755 2022] [core:notice] [pid 3188:tid 632] AH00094: Command line: 'C:\\xampp\\apache\\bin\\httpd.exe -d C:/xampp/apache'
[Sat Jan 08 18:06:00.023630 2022] [mpm_winnt:notice] [pid 3188:tid 632] AH00418: Parent: Created child process 5416
[Sat Jan 08 18:06:00.399318 2022] [ssl:warn] [pid 5416:tid 660] AH01909: www.example.com:443:0 server certificate does NOT include an ID which matches the server name
[Sat Jan 08 18:06:00.445503 2022] [ssl:warn] [pid 5416:tid 660] AH01909: www.example.com:443:0 server certificate does NOT include an ID which matches the server name
[Sat Jan 08 18:06:00.526673 2022] [mpm_winnt:notice] [pid 5416:tid 660] AH00354: Child: Starting 150 worker threads.
[Sat Jan 08 20:38:25.791752 2022] [ssl:warn] [pid 7412:tid 520] AH01909: www.example.com:443:0 server certificate does NOT include an ID which matches the server name
[Sat Jan 08 20:38:25.831053 2022] [ssl:warn] [pid 7412:tid 520] AH01909: www.example.com:443:0 server certificate does NOT include an ID which matches the server name
[Sat Jan 08 20:38:25.988383 2022] [mpm_winnt:notice] [pid 7412:tid 520] AH00455: Apache/2.4.52 (Win64) OpenSSL/1.1.1m PHP/8.0.14 configured -- resuming normal operations
[Sat Jan 08 20:38:25.988383 2022] [mpm_winnt:notice] [pid 7412:tid 520] AH00456: Apache Lounge VS16 Server built: Dec 17 2021 10:17:38
[Sat Jan 08 20:38:25.988383 2022] [core:notice] [pid 7412:tid 520] AH00094: Command line: 'c:\\xampp\\apache\\bin\\httpd.exe -d C:/xampp/apache'
[Sat Jan 08 20:38:25.988383 2022] [mpm_winnt:notice] [pid 7412:tid 520] AH00418: Parent: Created child process 2388
[Sat Jan 08 20:38:26.147960 2022] [ssl:warn] [pid 2388:tid 692] AH01909: www.example.com:443:0 server certificate does NOT include an ID which matches the server name
[Sat Jan 08 20:38:26.179246 2022] [ssl:warn] [pid 2388:tid 692] AH01909: www.example.com:443:0 server certificate does NOT include an ID which matches the server name
[Sat Jan 08 20:38:26.210541 2022] [mpm_winnt:notice] [pid 2388:tid 692] AH00354: Child: Starting 150 worker threads.
[Sun Jan 09 05:01:58.164514 2022] [ssl:warn] [pid 8912:tid 720] AH01909: www.example.com:443:0 server certificate does NOT include an ID which matches the server name
[Sun Jan 09 05:01:58.202707 2022] [core:warn] [pid 8912:tid 720] AH00098: pid file C:/xampp/apache/logs/httpd.pid overwritten -- Unclean shutdown of previous Apache run?
[Sun Jan 09 05:01:58.202707 2022] [ssl:warn] [pid 8912:tid 720] AH01909: www.example.com:443:0 server certificate does NOT include an ID which matches the server name
[Sun Jan 09 05:01:58.366018 2022] [mpm_winnt:notice] [pid 8912:tid 720] AH00455: Apache/2.4.52 (Win64) OpenSSL/1.1.1m PHP/8.0.14 configured -- resuming normal operations
[Sun Jan 09 05:01:58.366018 2022] [mpm_winnt:notice] [pid 8912:tid 720] AH00456: Apache Lounge VS16 Server built: Dec 17 2021 10:17:38
[Sun Jan 09 05:01:58.366018 2022] [core:notice] [pid 8912:tid 720] AH00094: Command line: 'c:\\xampp\\apache\\bin\\httpd.exe -d C:/xampp/apache'
[Sun Jan 09 05:01:58.380250 2022] [mpm_winnt:notice] [pid 8912:tid 720] AH00418: Parent: Created child process 8868
[Sun Jan 09 05:01:58.521020 2022] [ssl:warn] [pid 8868:tid 692] AH01909: www.example.com:443:0 server certificate does NOT include an ID which matches the server name
[Sun Jan 09 05:01:58.552405 2022] [ssl:warn] [pid 8868:tid 692] AH01909: www.example.com:443:0 server certificate does NOT include an ID which matches the server name
[Sun Jan 09 05:01:58.583374 2022] [mpm_winnt:notice] [pid 8868:tid 692] AH00354: Child: Starting 150 worker threads.
[Sun Jan 09 05:30:32.157889 2022] [php:warn] [pid 8868:tid 3804] [client 127.0.0.1:52150] PHP Warning:  mysqli::__construct(): (HY000/1045): Access denied for user 'root'@'localhost' (using password: YES) in C:\\xampp\\htdocs\\moodle\\lib\\dml\\mysqli_native_moodle_database.php on line 83, referer: http://127.0.0.1/moodle/install.php
[Sun Jan 09 05:36:20.270086 2022] [php:warn] [pid 8868:tid 3804] [client 127.0.0.1:52162] PHP Warning:  mysqli::__construct(): (HY000/1045): Access denied for user 'root'@'localhost' (using password: YES) in C:\\xampp\\htdocs\\moodle\\lib\\dml\\mysqli_native_moodle_database.php on line 83, referer: http://127.0.0.1/moodle/install.php
[Sun Jan 09 21:40:39.323548 2022] [ssl:warn] [pid 2484:tid 644] AH01909: www.example.com:443:0 server certificate does NOT include an ID which matches the server name
[Sun Jan 09 21:40:39.370426 2022] [core:warn] [pid 2484:tid 644] AH00098: pid file C:/xampp/apache/logs/httpd.pid overwritten -- Unclean shutdown of previous Apache run?
[Sun Jan 09 21:40:39.386054 2022] [ssl:warn] [pid 2484:tid 644] AH01909: www.example.com:443:0 server certificate does NOT include an ID which matches the server name
[Sun Jan 09 21:40:39.636073 2022] [mpm_winnt:notice] [pid 2484:tid 644] AH00455: Apache/2.4.52 (Win64) OpenSSL/1.1.1m PHP/8.0.14 configured -- resuming normal operations
[Sun Jan 09 21:40:39.636073 2022] [mpm_winnt:notice] [pid 2484:tid 644] AH00456: Apache Lounge VS16 Server built: Dec 17 2021 10:17:38
[Sun Jan 09 21:40:39.636073 2022] [core:notice] [pid 2484:tid 644] AH00094: Command line: 'c:\\xampp\\apache\\bin\\httpd.exe -d C:/xampp/apache'
[Sun Jan 09 21:40:39.636073 2022] [mpm_winnt:notice] [pid 2484:tid 644] AH00418: Parent: Created child process 13076
[Sun Jan 09 21:40:39.839216 2022] [ssl:warn] [pid 13076:tid 696] AH01909: www.example.com:443:0 server certificate does NOT include an ID which matches the server name
[Sun Jan 09 21:40:39.886094 2022] [ssl:warn] [pid 13076:tid 696] AH01909: www.example.com:443:0 server certificate does NOT include an ID which matches the server name
[Sun Jan 09 21:40:39.917347 2022] [mpm_winnt:notice] [pid 13076:tid 696] AH00354: Child: Starting 150 worker threads.
[Sun Jan 09 21:42:08.428276 2022] [ssl:warn] [pid 12204:tid 668] AH01909: www.example.com:443:0 server certificate does NOT include an ID which matches the server name
[Sun Jan 09 21:42:08.475160 2022] [core:warn] [pid 12204:tid 668] AH00098: pid file C:/xampp/apache/logs/httpd.pid overwritten -- Unclean shutdown of previous Apache run?
[Sun Jan 09 21:42:08.475160 2022] [ssl:warn] [pid 12204:tid 668] AH01909: www.example.com:443:0 server certificate does NOT include an ID which matches the server name
[Sun Jan 09 21:42:08.537662 2022] [mpm_winnt:notice] [pid 12204:tid 668] AH00455: Apache/2.4.52 (Win64) OpenSSL/1.1.1m PHP/8.0.14 configured -- resuming normal operations
[Sun Jan 09 21:42:08.537662 2022] [mpm_winnt:notice] [pid 12204:tid 668] AH00456: Apache Lounge VS16 Server built: Dec 17 2021 10:17:38
[Sun Jan 09 21:42:08.537662 2022] [core:notice] [pid 12204:tid 668] AH00094: Command line: 'c:\\xampp\\apache\\bin\\httpd.exe -d C:/xampp/apache'
[Sun Jan 09 21:42:08.537662 2022] [mpm_winnt:notice] [pid 12204:tid 668] AH00418: Parent: Created child process 9568
[Sun Jan 09 21:42:08.711664 2022] [ssl:warn] [pid 9568:tid 676] AH01909: www.example.com:443:0 server certificate does NOT include an ID which matches the server name
[Sun Jan 09 21:42:08.758545 2022] [ssl:warn] [pid 9568:tid 676] AH01909: www.example.com:443:0 server certificate does NOT include an ID which matches the server name
[Sun Jan 09 21:42:08.789800 2022] [mpm_winnt:notice] [pid 9568:tid 676] AH00354: Child: Starting 150 worker threads.
[Sun Jan 09 21:44:50.550127 2022] [ssl:warn] [pid 10460:tid 672] AH01909: www.example.com:443:0 server certificate does NOT include an ID which matches the server name
[Sun Jan 09 21:44:50.595000 2022] [core:warn] [pid 10460:tid 672] AH00098: pid file C:/xampp/apache/logs/httpd.pid overwritten -- Unclean shutdown of previous Apache run?
[Sun Jan 09 21:44:50.610630 2022] [ssl:warn] [pid 10460:tid 672] AH01909: www.example.com:443:0 server certificate does NOT include an ID which matches the server name
[Sun Jan 09 21:44:50.677460 2022] [mpm_winnt:notice] [pid 10460:tid 672] AH00455: Apache/2.4.52 (Win64) OpenSSL/1.1.1m PHP/8.0.14 configured -- resuming normal operations
[Sun Jan 09 21:44:50.677460 2022] [mpm_winnt:notice] [pid 10460:tid 672] AH00456: Apache Lounge VS16 Server built: Dec 17 2021 10:17:38
[Sun Jan 09 21:44:50.677460 2022] [core:notice] [pid 10460:tid 672] AH00094: Command line: 'c:\\xampp\\apache\\bin\\httpd.exe -d C:/xampp/apache'
[Sun Jan 09 21:44:50.680460 2022] [mpm_winnt:notice] [pid 10460:tid 672] AH00418: Parent: Created child process 6996
[Sun Jan 09 21:44:50.892575 2022] [ssl:warn] [pid 6996:tid 676] AH01909: www.example.com:443:0 server certificate does NOT include an ID which matches the server name
[Sun Jan 09 21:44:50.939457 2022] [ssl:warn] [pid 6996:tid 676] AH01909: www.example.com:443:0 server certificate does NOT include an ID which matches the server name
[Sun Jan 09 21:44:50.980282 2022] [mpm_winnt:notice] [pid 6996:tid 676] AH00354: Child: Starting 150 worker threads.
[Mon Jan 10 00:44:06.793657 2022] [ssl:warn] [pid 6892:tid 720] AH01909: www.example.com:443:0 server certificate does NOT include an ID which matches the server name
[Mon Jan 10 00:44:06.825052 2022] [core:warn] [pid 6892:tid 720] AH00098: pid file C:/xampp/apache/logs/httpd.pid overwritten -- Unclean shutdown of previous Apache run?
[Mon Jan 10 00:44:06.825052 2022] [ssl:warn] [pid 6892:tid 720] AH01909: www.example.com:443:0 server certificate does NOT include an ID which matches the server name
[Mon Jan 10 00:44:06.858126 2022] [mpm_winnt:notice] [pid 6892:tid 720] AH00455: Apache/2.4.52 (Win64) OpenSSL/1.1.1m PHP/8.0.14 configured -- resuming normal operations
[Mon Jan 10 00:44:06.858126 2022] [mpm_winnt:notice] [pid 6892:tid 720] AH00456: Apache Lounge VS16 Server built: Dec 17 2021 10:17:38
[Mon Jan 10 00:44:06.858126 2022] [core:notice] [pid 6892:tid 720] AH00094: Command line: 'c:\\xampp\\apache\\bin\\httpd.exe -d C:/xampp/apache'
[Mon Jan 10 00:44:06.858126 2022] [mpm_winnt:notice] [pid 6892:tid 720] AH00418: Parent: Created child process 5048
[Mon Jan 10 00:44:07.011836 2022] [ssl:warn] [pid 5048:tid 692] AH01909: www.example.com:443:0 server certificate does NOT include an ID which matches the server name
[Mon Jan 10 00:44:07.043085 2022] [ssl:warn] [pid 5048:tid 692] AH01909: www.example.com:443:0 server certificate does NOT include an ID which matches the server name
[Mon Jan 10 00:44:07.074939 2022] [mpm_winnt:notice] [pid 5048:tid 692] AH00354: Child: Starting 150 worker threads.
[Tue Jan 11 03:47:04.272639 2022] [ssl:warn] [pid 12796:tid 652] AH01909: www.example.com:443:0 server certificate does NOT include an ID which matches the server name
[Tue Jan 11 03:47:04.304202 2022] [core:warn] [pid 12796:tid 652] AH00098: pid file C:/xampp/apache/logs/httpd.pid overwritten -- Unclean shutdown of previous Apache run?
[Tue Jan 11 03:47:04.304202 2022] [ssl:warn] [pid 12796:tid 652] AH01909: www.example.com:443:0 server certificate does NOT include an ID which matches the server name
[Tue Jan 11 03:47:04.335799 2022] [mpm_winnt:notice] [pid 12796:tid 652] AH00455: Apache/2.4.52 (Win64) OpenSSL/1.1.1m PHP/8.0.14 configured -- resuming normal operations
[Tue Jan 11 03:47:04.335799 2022] [mpm_winnt:notice] [pid 12796:tid 652] AH00456: Apache Lounge VS16 Server built: Dec 17 2021 10:17:38
[Tue Jan 11 03:47:04.335799 2022] [core:notice] [pid 12796:tid 652] AH00094: Command line: 'c:\\xampp\\apache\\bin\\httpd.exe -d C:/xampp/apache'
[Tue Jan 11 03:47:04.350765 2022] [mpm_winnt:notice] [pid 12796:tid 652] AH00418: Parent: Created child process 11632
[Tue Jan 11 03:47:04.504180 2022] [ssl:warn] [pid 11632:tid 668] AH01909: www.example.com:443:0 server certificate does NOT include an ID which matches the server name
[Tue Jan 11 03:47:04.535430 2022] [ssl:warn] [pid 11632:tid 668] AH01909: www.example.com:443:0 server certificate does NOT include an ID which matches the server name
[Tue Jan 11 03:47:04.566682 2022] [mpm_winnt:notice] [pid 11632:tid 668] AH00354: Child: Starting 150 worker threads.
[Tue Jan 11 03:48:41.032210 2022] [ssl:warn] [pid 7432:tid 120] AH01909: www.example.com:443:0 server certificate does NOT include an ID which matches the server name
[Tue Jan 11 03:48:41.079125 2022] [core:warn] [pid 7432:tid 120] AH00098: pid file C:/xampp/apache/logs/httpd.pid overwritten -- Unclean shutdown of previous Apache run?
[Tue Jan 11 03:48:41.079125 2022] [ssl:warn] [pid 7432:tid 120] AH01909: www.example.com:443:0 server certificate does NOT include an ID which matches the server name
[Tue Jan 11 03:48:41.110338 2022] [mpm_winnt:notice] [pid 7432:tid 120] AH00455: Apache/2.4.52 (Win64) OpenSSL/1.1.1m PHP/8.0.14 configured -- resuming normal operations
[Tue Jan 11 03:48:41.110338 2022] [mpm_winnt:notice] [pid 7432:tid 120] AH00456: Apache Lounge VS16 Server built: Dec 17 2021 10:17:38
[Tue Jan 11 03:48:41.110338 2022] [core:notice] [pid 7432:tid 120] AH00094: Command line: 'c:\\xampp\\apache\\bin\\httpd.exe -d C:/xampp/apache'
[Tue Jan 11 03:48:41.110338 2022] [mpm_winnt:notice] [pid 7432:tid 120] AH00418: Parent: Created child process 4852
[Tue Jan 11 03:48:41.270290 2022] [ssl:warn] [pid 4852:tid 668] AH01909: www.example.com:443:0 server certificate does NOT include an ID which matches the server name
[Tue Jan 11 03:48:41.302018 2022] [ssl:warn] [pid 4852:tid 668] AH01909: www.example.com:443:0 server certificate does NOT include an ID which matches the server name
[Tue Jan 11 03:48:41.333380 2022] [mpm_winnt:notice] [pid 4852:tid 668] AH00354: Child: Starting 150 worker threads.
[Tue Jan 11 03:49:49.870521 2022] [ssl:warn] [pid 11632:tid 720] AH01909: www.example.com:443:0 server certificate does NOT include an ID which matches the server name
[Tue Jan 11 03:49:49.910439 2022] [core:warn] [pid 11632:tid 720] AH00098: pid file C:/xampp/apache/logs/httpd.pid overwritten -- Unclean shutdown of previous Apache run?
[Tue Jan 11 03:49:49.918439 2022] [ssl:warn] [pid 11632:tid 720] AH01909: www.example.com:443:0 server certificate does NOT include an ID which matches the server name
[Tue Jan 11 03:49:49.943443 2022] [mpm_winnt:notice] [pid 11632:tid 720] AH00455: Apache/2.4.52 (Win64) OpenSSL/1.1.1m PHP/8.0.14 configured -- resuming normal operations
[Tue Jan 11 03:49:49.943443 2022] [mpm_winnt:notice] [pid 11632:tid 720] AH00456: Apache Lounge VS16 Server built: Dec 17 2021 10:17:38
[Tue Jan 11 03:49:49.943443 2022] [core:notice] [pid 11632:tid 720] AH00094: Command line: 'c:\\xampp\\apache\\bin\\httpd.exe -d C:/xampp/apache'
[Tue Jan 11 03:49:49.943443 2022] [mpm_winnt:notice] [pid 11632:tid 720] AH00418: Parent: Created child process 12756
[Tue Jan 11 03:49:50.098986 2022] [ssl:warn] [pid 12756:tid 668] AH01909: www.example.com:443:0 server certificate does NOT include an ID which matches the server name
[Tue Jan 11 03:49:50.130234 2022] [ssl:warn] [pid 12756:tid 668] AH01909: www.example.com:443:0 server certificate does NOT include an ID which matches the server name
[Tue Jan 11 03:49:50.163819 2022] [mpm_winnt:notice] [pid 12756:tid 668] AH00354: Child: Starting 150 worker threads.
[Tue Jan 11 04:40:46.393420 2022] [ssl:warn] [pid 1436:tid 668] AH01909: www.example.com:443:0 server certificate does NOT include an ID which matches the server name
[Tue Jan 11 04:40:46.424669 2022] [core:warn] [pid 1436:tid 668] AH00098: pid file C:/xampp/apache/logs/httpd.pid overwritten -- Unclean shutdown of previous Apache run?
[Tue Jan 11 04:40:46.424669 2022] [ssl:warn] [pid 1436:tid 668] AH01909: www.example.com:443:0 server certificate does NOT include an ID which matches the server name
[Tue Jan 11 04:40:46.456493 2022] [mpm_winnt:notice] [pid 1436:tid 668] AH00455: Apache/2.4.52 (Win64) OpenSSL/1.1.1m PHP/8.0.14 configured -- resuming normal operations
[Tue Jan 11 04:40:46.456493 2022] [mpm_winnt:notice] [pid 1436:tid 668] AH00456: Apache Lounge VS16 Server built: Dec 17 2021 10:17:38
[Tue Jan 11 04:40:46.456493 2022] [core:notice] [pid 1436:tid 668] AH00094: Command line: 'c:\\xampp\\apache\\bin\\httpd.exe -d C:/xampp/apache'
[Tue Jan 11 04:40:46.471544 2022] [mpm_winnt:notice] [pid 1436:tid 668] AH00418: Parent: Created child process 10084
[Tue Jan 11 04:40:46.612170 2022] [ssl:warn] [pid 10084:tid 672] AH01909: www.example.com:443:0 server certificate does NOT include an ID which matches the server name
[Tue Jan 11 04:40:46.643421 2022] [ssl:warn] [pid 10084:tid 672] AH01909: www.example.com:443:0 server certificate does NOT include an ID which matches the server name
[Tue Jan 11 04:40:46.674672 2022] [mpm_winnt:notice] [pid 10084:tid 672] AH00354: Child: Starting 150 worker threads.
[Tue Jan 16 01:17:05.375509 2018] [ssl:warn] [pid 3300:tid 700] AH01909: www.example.com:443:0 server certificate does NOT include an ID which matches the server name
[Tue Jan 16 01:17:05.406665 2018] [core:warn] [pid 3300:tid 700] AH00098: pid file C:/xampp/apache/logs/httpd.pid overwritten -- Unclean shutdown of previous Apache run?
[Tue Jan 16 01:17:05.406665 2018] [ssl:warn] [pid 3300:tid 700] AH01909: www.example.com:443:0 server certificate does NOT include an ID which matches the server name
[Tue Jan 16 01:17:05.439276 2018] [mpm_winnt:notice] [pid 3300:tid 700] AH00455: Apache/2.4.52 (Win64) OpenSSL/1.1.1m PHP/8.0.14 configured -- resuming normal operations
[Tue Jan 16 01:17:05.439276 2018] [mpm_winnt:notice] [pid 3300:tid 700] AH00456: Apache Lounge VS16 Server built: Dec 17 2021 10:17:38
[Tue Jan 16 01:17:05.439276 2018] [core:notice] [pid 3300:tid 700] AH00094: Command line: 'c:\\xampp\\apache\\bin\\httpd.exe -d C:/xampp/apache'
[Tue Jan 16 01:17:05.439276 2018] [mpm_winnt:notice] [pid 3300:tid 700] AH00418: Parent: Created child process 4200
[Tue Jan 16 01:17:05.593971 2018] [ssl:warn] [pid 4200:tid 712] AH01909: www.example.com:443:0 server certificate does NOT include an ID which matches the server name
[Tue Jan 16 01:17:05.625221 2018] [ssl:warn] [pid 4200:tid 712] AH01909: www.example.com:443:0 server certificate does NOT include an ID which matches the server name
[Tue Jan 16 01:17:05.656469 2018] [mpm_winnt:notice] [pid 4200:tid 712] AH00354: Child: Starting 150 worker threads.
[Tue Jan 16 01:23:08.536511 2018] [ssl:warn] [pid 2644:tid 620] AH01909: www.example.com:443:0 server certificate does NOT include an ID which matches the server name
[Tue Jan 16 01:23:08.567909 2018] [core:warn] [pid 2644:tid 620] AH00098: pid file C:/xampp/apache/logs/httpd.pid overwritten -- Unclean shutdown of previous Apache run?
[Tue Jan 16 01:23:08.567909 2018] [ssl:warn] [pid 2644:tid 620] AH01909: www.example.com:443:0 server certificate does NOT include an ID which matches the server name
[Tue Jan 16 01:23:08.775201 2018] [mpm_winnt:notice] [pid 2644:tid 620] AH00455: Apache/2.4.52 (Win64) OpenSSL/1.1.1m PHP/8.0.14 configured -- resuming normal operations
[Tue Jan 16 01:23:08.775201 2018] [mpm_winnt:notice] [pid 2644:tid 620] AH00456: Apache Lounge VS16 Server built: Dec 17 2021 10:17:38
[Tue Jan 16 01:23:08.775201 2018] [core:notice] [pid 2644:tid 620] AH00094: Command line: 'c:\\xampp\\apache\\bin\\httpd.exe -d C:/xampp/apache'
[Tue Jan 16 01:23:08.775201 2018] [mpm_winnt:notice] [pid 2644:tid 620] AH00418: Parent: Created child process 3756
[Tue Jan 16 01:23:08.946852 2018] [ssl:warn] [pid 3756:tid 728] AH01909: www.example.com:443:0 server certificate does NOT include an ID which matches the server name
[Tue Jan 16 01:23:08.978101 2018] [ssl:warn] [pid 3756:tid 728] AH01909: www.example.com:443:0 server certificate does NOT include an ID which matches the server name
[Tue Jan 16 01:23:09.009447 2018] [mpm_winnt:notice] [pid 3756:tid 728] AH00354: Child: Starting 150 worker threads.
[Sun Jan 16 02:52:38.378466 2022] [php:warn] [pid 3756:tid 3852] [client 127.0.0.1:49674] PHP Warning:  rename(C:\\xampp\\moodledata/cache/cachestore_file/default_application/core_config/5b2-cache/.61e317f65b0622.45153140.temp,C:\\xampp\\moodledata/cache/cachestore_file/default_application/core_config/5b2-cache/5b27bf19f7f929691a51930c4c6cc1796e128f5d.cache): \xe5\xad\x98\xe5\x8f\x96\xe8\xa2\xab\xe6\x8b\x92\xe3\x80\x82 (code: 5) in C:\\xampp\\htdocs\\moodle\\cache\\stores\\file\\lib.php on line 733, referer: http://127.0.0.1/moodle/theme/index.php
[Mon Jan 31 14:58:09.578058 2022] [mpm_winnt:crit] [pid 3756:tid 728] AH02538: Child: Parent process exited abruptly. Child process is ending
[Mon Jan 31 14:58:11.622813 2022] [mpm_winnt:notice] [pid 3756:tid 728] AH00364: Child: All worker threads have exited.
